Using pre-set license

 COMMAND LINE ARGUMENTS:
/Applications/Unity/Hub/Editor/2020.2.1f1c1/Unity.app/Contents/MacOS/Unity
-adb2
-batchMode
-noUpm
-name
AssetImportWorker0
-projectPath
/Users/chenyingjie/Documents/GitHub/unity-ECS-Jobsystem-Burst
-logFile
Logs/AssetImportWorker0.log
-srvPort
62365
Successfully changed project path to: /Users/chenyingjie/Documents/GitHub/unity-ECS-Jobsystem-Burst
/Users/chenyingjie/Documents/GitHub/unity-ECS-Jobsystem-Burst
Using Asset Import Pipeline V2.
Refreshing native plugins compatible for Editor in 138.91 ms, found 3 plugins.
Preloading 0 native plugins for Editor in 0.00 ms.
Initialize engine version: 2020.2.1f1c1 (252d8215dd99)
[Subsystems] Discovering subsystems at path /Applications/Unity/Hub/Editor/2020.2.1f1c1/Unity.app/Contents/Resources/UnitySubsystems
[Subsystems] Discovering subsystems at path /Users/chenyingjie/Documents/GitHub/unity-ECS-Jobsystem-Burst/Assets
GfxDevice: creating device client; threaded=0
2021-01-26 10:48:20.363 Unity[71445:506384] Color LCD preferred device: AMD Radeon Pro 560X (high power)
2021-01-26 10:48:20.363 Unity[71445:506384] Metal devices available: 2
2021-01-26 10:48:20.363 Unity[71445:506384] 0: AMD Radeon Pro 560X (high power)
2021-01-26 10:48:20.363 Unity[71445:506384] 1: Intel(R) UHD Graphics 630 (low power)
2021-01-26 10:48:20.364 Unity[71445:506384] Using device AMD Radeon Pro 560X (high power)
Initializing Metal device caps: AMD Radeon Pro 560X
Initialize mono
Mono path[0] = '/Applications/Unity/Hub/Editor/2020.2.1f1c1/Unity.app/Contents/Managed'
Mono path[1] = '/Applications/Unity/Hub/Editor/2020.2.1f1c1/Unity.app/Contents/MonoBleedingEdge/lib/mono/unityjit'
Mono config path = '/Applications/Unity/Hub/Editor/2020.2.1f1c1/Unity.app/Contents/MonoBleedingEdge/etc'
Using monoOptions --debugger-agent=transport=dt_socket,embedding=1,server=y,suspend=n,address=127.0.0.1:56445
Begin MonoManager ReloadAssembly
Registering precompiled unity dll's ...
Register platform support module: /Applications/Unity/Hub/Editor/2020.2.1f1c1/Unity.app/Contents/PlaybackEngines/MacStandaloneSupport/UnityEditor.OSXStandalone.Extensions.dll
Register platform support module: /Applications/Unity/Hub/Editor/2020.2.1f1c1/PlaybackEngines/WindowsStandaloneSupport/UnityEditor.WindowsStandalone.Extensions.dll
Registered in 0.004451 seconds.
Native extension for WindowsStandalone target not found
Native extension for OSXStandalone target not found
Refreshing native plugins compatible for Editor in 174.35 ms, found 3 plugins.
Preloading 0 native plugins for Editor in 0.00 ms.
Invoked RoslynAnalysisRunner static constructor.
RoslynAnalysisRunner will not be running.
RoslynAnalysisRunner has terminated.
Mono: successfully reloaded assembly
- Completed reload, in  7.369 seconds
Platform modules already initialized, skipping
Registering precompiled user dll's ...
Registered in 0.026935 seconds.
Begin MonoManager ReloadAssembly
Native extension for WindowsStandalone target not found
Native extension for OSXStandalone target not found
Refreshing native plugins compatible for Editor in 120.66 ms, found 3 plugins.
Preloading 0 native plugins for Editor in 0.00 ms.
TypeManager.Initialize took: 769ms
Invoked RoslynAnalysisRunner static constructor.
RoslynAnalysisRunner will not be running.
RoslynAnalysisRunner has terminated.
Mono: successfully reloaded assembly
- Completed reload, in  5.784 seconds
Platform modules already initialized, skipping
========================================================================
Worker process is ready to serve import requests
Launching external process: /Applications/Unity/Hub/Editor/2020.2.1f1c1/Unity.app/Contents/Tools/UnityShaderCompiler
Launched and connected shader compiler UnityShaderCompiler after 0.03 seconds
Refreshing native plugins compatible for Editor in 0.98 ms, found 3 plugins.
Preloading 0 native plugins for Editor in 0.00 ms.
Unloading 3814 Unused Serialized files (Serialized files now loaded: 0)
System memory in use before: 273.2 MB.
System memory in use after: 273.5 MB.

Unloading 46 unused Assets to reduce memory usage. Loaded Objects now: 4237.
Total: 7.356186 ms (FindLiveObjects: 0.561224 ms CreateObjectMapping: 0.391228 ms MarkObjects: 6.274945 ms  DeleteObjects: 0.126650 ms)

========================================================================
Received Import Request.
  path: Assets/Scene/Launch.unity
  artifactKey: Guid(3892043e225e14c6ebbc131db1de8bbd) Importer(815301076,1909f56bfc062723c751e8b465ee728b)
Start importing Assets/Scene/Launch.unity using Guid(3892043e225e14c6ebbc131db1de8bbd) Importer(815301076,1909f56bfc062723c751e8b465ee728b)  -> (artifact id: 'bb2506e69f04bb19b484beb19d72972c') in 0.026086 seconds
  Import took 0.038188 seconds .

AssetImportWorkerClient::OnTransportError - code=2 error=End of file
